2025-10-21 06:24:46 [error]: Unable to connect to the database:
{
  "service": "mindflow-api"
}
2025-10-21 06:26:54 [info]: HTTP Request
{
  "service": "mindflow-api",
  "method": "GET",
  "url": "/api/health",
  "status": 200,
  "duration": "13ms",
  "userAgent": "Mozilla/5.0 (Windows NT; Windows NT 10.0; en-ZA) WindowsPowerShell/5.1.19041.6456",
  "ip": "::1"
}
2025-10-21 06:36:39 [info]: HTTP Request
{
  "service": "mindflow-api",
  "method": "GET",
  "url": "/api/health",
  "status": 200,
  "duration": "9ms",
  "userAgent": "Mozilla/5.0 (Windows NT; Windows NT 10.0; en-ZA) WindowsPowerShell/5.1.19041.6456",
  "ip": "::1"
}
2025-10-21 06:36:40 [info]: HTTP Request
{
  "service": "mindflow-api",
  "method": "POST",
  "url": "/chess/move",
  "status": 200,
  "duration": "2ms",
  "userAgent": "Mozilla/5.0 (Windows NT; Windows NT 10.0; en-ZA) WindowsPowerShell/5.1.19041.6456",
  "ip": "::1"
}
2025-10-21 06:36:40 [warn]: HTTP Request
{
  "service": "mindflow-api",
  "method": "POST",
  "url": "/login",
  "status": 401,
  "duration": "12ms",
  "userAgent": "Mozilla/5.0 (Windows NT; Windows NT 10.0; en-ZA) WindowsPowerShell/5.1.19041.6456",
  "ip": "::1"
}
2025-10-21 06:39:09 [info]: HTTP Request
{
  "service": "mindflow-api",
  "method": "GET",
  "url": "/api/health",
  "status": 200,
  "duration": "5ms",
  "userAgent": "Mozilla/5.0 (Windows NT; Windows NT 10.0; en-ZA) WindowsPowerShell/5.1.19041.6456",
  "ip": "::1"
}
2025-10-21 06:39:09 [info]: HTTP Request
{
  "service": "mindflow-api",
  "method": "POST",
  "url": "/khensani/chat",
  "status": 200,
  "duration": "3ms",
  "userAgent": "Mozilla/5.0 (Windows NT; Windows NT 10.0; en-ZA) WindowsPowerShell/5.1.19041.6456",
  "ip": "::1"
}
2025-10-21 06:39:09 [warn]: HTTP Request
{
  "service": "mindflow-api",
  "method": "POST",
  "url": "/login",
  "status": 400,
  "duration": "4ms",
  "userAgent": "Mozilla/5.0 (Windows NT; Windows NT 10.0; en-ZA) WindowsPowerShell/5.1.19041.6456",
  "ip": "::1"
}
2025-10-21 06:39:09 [info]: HTTP Request
{
  "service": "mindflow-api",
  "method": "POST",
  "url": "/chess/move",
  "status": 200,
  "duration": "2ms",
  "userAgent": "Mozilla/5.0 (Windows NT; Windows NT 10.0; en-ZA) WindowsPowerShell/5.1.19041.6456",
  "ip": "::1"
}
2025-10-21 06:52:33 [info]: HTTP Request
{
  "service": "mindflow-api",
  "method": "GET",
  "url": "/api/health",
  "status": 200,
  "duration": "4ms",
  "userAgent": "Mozilla/5.0 (Windows NT; Windows NT 10.0; en-ZA) WindowsPowerShell/5.1.19041.6456",
  "ip": "::1"
}
2025-10-21 06:52:33 [info]: HTTP Request
{
  "service": "mindflow-api",
  "method": "POST",
  "url": "/khensani/chat",
  "status": 200,
  "duration": "2ms",
  "userAgent": "Mozilla/5.0 (Windows NT; Windows NT 10.0; en-ZA) WindowsPowerShell/5.1.19041.6456",
  "ip": "::1"
}
2025-10-21 14:19:28 [info]: HTTP Request
{
  "service": "mindflow-api",
  "method": "GET",
  "url": "/api/health",
  "status": 200,
  "duration": "24ms",
  "userAgent": "Mozilla/5.0 (Windows NT; Windows NT 10.0; en-ZA) WindowsPowerShell/5.1.19041.6456",
  "ip": "::1"
}
2025-10-24 06:57:42 [error]: Unable to connect to the database:
{
  "service": "mindflow-api"
}
